<?xml version="1.0" encoding="UTF-8"?>
<!-- Generated by org.testng.reporters.JUnitReportReporter -->
<testsuite hostname="200411LTP1236" failures="0" tests="1" name="com.git.Project1" time="0.008" errors="0" timestamp="2022-07-15T12:42:34 IST" skipped="0">
  <testcase classname="com.git.Project1" name="testMaster" time="0.008"/>
  <system-out/>
</testsuite> <!-- com.git.Project1 -->
